2019-06-24 11:55:39.422 [INFO|lookerapi] :: Request to https://ec2-18-220-218-81.us-east-2.compute.amazonaws.com:19999/api/3.1/ => POST /api/3.1/login, {'client_id': 'sSD3qrmsnzWK7HVBpGhZ', 'client_secret': '[FILTERED]'}
2019-06-24 11:55:39.422 [INFO|lookerapi] :: Request to https://ec2-18-220-218-81.us-east-2.compute.amazonaws.com:19999/api/3.1/ => POST /api/3.1/login, {'client_id': 'sSD3qrmsnzWK7HVBpGhZ', 'client_secret': '[FILTERED]'}
2019-06-24 11:55:39.601 [INFO|lookerapi] :: Request Complete: 200
2019-06-24 11:55:39.601 [INFO|lookerapi] :: Request Complete: 200
2019-06-24 11:55:39.601 [INFO|lookerapi] :: Request to https://ec2-18-220-218-81.us-east-2.compute.amazonaws.com:19999/api/3.1/ => GET /api/3.1/homepage_items/8
2019-06-24 11:55:39.601 [INFO|lookerapi] :: Request to https://ec2-18-220-218-81.us-east-2.compute.amazonaws.com:19999/api/3.1/ => GET /api/3.1/homepage_items/8
2019-06-24 11:55:39.674 [INFO|lookerapi] :: Request Complete: 200
2019-06-24 11:55:39.674 [INFO|lookerapi] :: Request Complete: 200
2019-06-24 11:55:39.674 [INFO|lookerapi] :: Request to https://ec2-18-220-218-81.us-east-2.compute.amazonaws.com:19999/api/3.1/ => PATCH /api/3.1/homepage_items/8
2019-06-24 11:55:39.674 [INFO|lookerapi] :: Request to https://ec2-18-220-218-81.us-east-2.compute.amazonaws.com:19999/api/3.1/ => PATCH /api/3.1/homepage_items/8
2019-06-24 11:55:39.772 [INFO|lookerapi] :: Request Complete: 200
2019-06-24 11:55:39.772 [INFO|lookerapi] :: Request Complete: 200
2019-06-24 11:57:18.094 [INFO|lookerapi] :: Request to https://ec2-18-220-218-81.us-east-2.compute.amazonaws.com:19999/api/3.1/ => POST /api/3.1/login, {'client_id': 'sSD3qrmsnzWK7HVBpGhZ', 'client_secret': '[FILTERED]'}
2019-06-24 11:57:18.094 [INFO|lookerapi] :: Request to https://ec2-18-220-218-81.us-east-2.compute.amazonaws.com:19999/api/3.1/ => POST /api/3.1/login, {'client_id': 'sSD3qrmsnzWK7HVBpGhZ', 'client_secret': '[FILTERED]'}
2019-06-24 11:57:18.286 [INFO|lookerapi] :: Request Complete: 200
2019-06-24 11:57:18.286 [INFO|lookerapi] :: Request Complete: 200
2019-06-24 11:57:18.286 [INFO|lookerapi] :: Request to https://ec2-18-220-218-81.us-east-2.compute.amazonaws.com:19999/api/3.1/ => GET /api/3.1/homepage_items/8
2019-06-24 11:57:18.286 [INFO|lookerapi] :: Request to https://ec2-18-220-218-81.us-east-2.compute.amazonaws.com:19999/api/3.1/ => GET /api/3.1/homepage_items/8
2019-06-24 11:57:18.357 [INFO|lookerapi] :: Request Complete: 200
2019-06-24 11:57:18.357 [INFO|lookerapi] :: Request Complete: 200
2019-06-24 11:57:18.358 [INFO|lookerapi] :: Request to https://ec2-18-220-218-81.us-east-2.compute.amazonaws.com:19999/api/3.1/ => PATCH /api/3.1/homepage_items/8
2019-06-24 11:57:18.358 [INFO|lookerapi] :: Request to https://ec2-18-220-218-81.us-east-2.compute.amazonaws.com:19999/api/3.1/ => PATCH /api/3.1/homepage_items/8
2019-06-24 11:57:18.455 [INFO|lookerapi] :: Request Complete: 200
2019-06-24 11:57:18.455 [INFO|lookerapi] :: Request Complete: 200
2019-06-24 12:16:21.567 [INFO|lookerapi] :: Request to https://ec2-18-220-218-81.us-east-2.compute.amazonaws.com:19999/api/3.1/ => POST /api/3.1/login, {'client_id': 'sSD3qrmsnzWK7HVBpGhZ', 'client_secret': '[FILTERED]'}
2019-06-24 12:16:21.567 [INFO|lookerapi] :: Request to https://ec2-18-220-218-81.us-east-2.compute.amazonaws.com:19999/api/3.1/ => POST /api/3.1/login, {'client_id': 'sSD3qrmsnzWK7HVBpGhZ', 'client_secret': '[FILTERED]'}
2019-06-24 12:16:21.768 [INFO|lookerapi] :: Request Complete: 200
2019-06-24 12:16:21.768 [INFO|lookerapi] :: Request Complete: 200
2019-06-24 12:16:21.768 [INFO|lookerapi] :: Request to https://ec2-18-220-218-81.us-east-2.compute.amazonaws.com:19999/api/3.1/ => GET /api/3.1/homepage_items/8
2019-06-24 12:16:21.768 [INFO|lookerapi] :: Request to https://ec2-18-220-218-81.us-east-2.compute.amazonaws.com:19999/api/3.1/ => GET /api/3.1/homepage_items/8
2019-06-24 12:16:21.840 [INFO|lookerapi] :: Request Complete: 200
2019-06-24 12:16:21.840 [INFO|lookerapi] :: Request Complete: 200
2019-06-24 12:16:21.841 [INFO|lookerapi] :: Request to https://ec2-18-220-218-81.us-east-2.compute.amazonaws.com:19999/api/3.1/ => PATCH /api/3.1/homepage_items/8
2019-06-24 12:16:21.841 [INFO|lookerapi] :: Request to https://ec2-18-220-218-81.us-east-2.compute.amazonaws.com:19999/api/3.1/ => PATCH /api/3.1/homepage_items/8
2019-06-24 12:16:21.942 [INFO|lookerapi] :: Request Complete: 200
2019-06-24 12:16:21.942 [INFO|lookerapi] :: Request Complete: 200
2019-06-24 12:24:38.886 [INFO|lookerapi] :: Request to https://ec2-18-220-218-81.us-east-2.compute.amazonaws.com:19999/api/3.1/ => POST /api/3.1/login, {'client_id': 'sSD3qrmsnzWK7HVBpGhZ', 'client_secret': '[FILTERED]'}
2019-06-24 12:24:38.886 [INFO|lookerapi] :: Request to https://ec2-18-220-218-81.us-east-2.compute.amazonaws.com:19999/api/3.1/ => POST /api/3.1/login, {'client_id': 'sSD3qrmsnzWK7HVBpGhZ', 'client_secret': '[FILTERED]'}
2019-06-24 12:24:39.202 [INFO|lookerapi] :: Request Complete: 200
2019-06-24 12:24:39.202 [INFO|lookerapi] :: Request Complete: 200
2019-06-24 12:24:39.203 [INFO|lookerapi] :: Request to https://ec2-18-220-218-81.us-east-2.compute.amazonaws.com:19999/api/3.1/ => GET /api/3.1/homepage_items/8
2019-06-24 12:24:39.203 [INFO|lookerapi] :: Request to https://ec2-18-220-218-81.us-east-2.compute.amazonaws.com:19999/api/3.1/ => GET /api/3.1/homepage_items/8
2019-06-24 12:24:39.282 [INFO|lookerapi] :: Request Complete: 200
2019-06-24 12:24:39.282 [INFO|lookerapi] :: Request Complete: 200
2019-06-24 12:24:39.283 [INFO|lookerapi] :: Request to https://ec2-18-220-218-81.us-east-2.compute.amazonaws.com:19999/api/3.1/ => PATCH /api/3.1/homepage_items/8
2019-06-24 12:24:39.283 [INFO|lookerapi] :: Request to https://ec2-18-220-218-81.us-east-2.compute.amazonaws.com:19999/api/3.1/ => PATCH /api/3.1/homepage_items/8
2019-06-24 12:24:39.383 [INFO|lookerapi] :: Request Complete: 200
2019-06-24 12:24:39.383 [INFO|lookerapi] :: Request Complete: 200
2019-06-24 12:26:03.528 [INFO|lookerapi] :: Request Complete: 200
2019-06-24 12:26:03.528 [INFO|lookerapi] :: Request Complete: 200
2019-06-24 12:26:03.528 [INFO|lookerapi] :: Request to https://ec2-18-220-218-81.us-east-2.compute.amazonaws.com:19999/api/3.1/ => GET /api/3.1/homepage_items/8
2019-06-24 12:26:03.528 [INFO|lookerapi] :: Request to https://ec2-18-220-218-81.us-east-2.compute.amazonaws.com:19999/api/3.1/ => GET /api/3.1/homepage_items/8
2019-06-24 12:26:03.598 [INFO|lookerapi] :: Request Complete: 200
2019-06-24 12:26:03.598 [INFO|lookerapi] :: Request Complete: 200
2019-06-24 12:26:03.598 [INFO|lookerapi] :: Request to https://ec2-18-220-218-81.us-east-2.compute.amazonaws.com:19999/api/3.1/ => PATCH /api/3.1/homepage_items/8
2019-06-24 12:26:03.598 [INFO|lookerapi] :: Request to https://ec2-18-220-218-81.us-east-2.compute.amazonaws.com:19999/api/3.1/ => PATCH /api/3.1/homepage_items/8
2019-06-24 12:26:03.698 [INFO|lookerapi] :: Request Complete: 200
2019-06-24 12:26:03.698 [INFO|lookerapi] :: Request Complete: 200
2019-06-24 12:27:29.421 [INFO|lookerapi] :: Request to https://ec2-18-220-218-81.us-east-2.compute.amazonaws.com:19999/api/3.1/ => POST /api/3.1/login, {'client_id': 'sSD3qrmsnzWK7HVBpGhZ', 'client_secret': '[FILTERED]'}
2019-06-24 12:27:29.421 [INFO|lookerapi] :: Request to https://ec2-18-220-218-81.us-east-2.compute.amazonaws.com:19999/api/3.1/ => POST /api/3.1/login, {'client_id': 'sSD3qrmsnzWK7HVBpGhZ', 'client_secret': '[FILTERED]'}
2019-06-24 12:27:29.601 [INFO|lookerapi] :: Request Complete: 200
2019-06-24 12:27:29.601 [INFO|lookerapi] :: Request Complete: 200
2019-06-24 12:27:29.602 [INFO|lookerapi] :: Request to https://ec2-18-220-218-81.us-east-2.compute.amazonaws.com:19999/api/3.1/ => GET /api/3.1/homepage_items/8
2019-06-24 12:27:29.602 [INFO|lookerapi] :: Request to https://ec2-18-220-218-81.us-east-2.compute.amazonaws.com:19999/api/3.1/ => GET /api/3.1/homepage_items/8
2019-06-24 12:27:29.671 [INFO|lookerapi] :: Request Complete: 200
2019-06-24 12:27:29.671 [INFO|lookerapi] :: Request Complete: 200
2019-06-24 12:27:29.671 [INFO|lookerapi] :: Request to https://ec2-18-220-218-81.us-east-2.compute.amazonaws.com:19999/api/3.1/ => PATCH /api/3.1/homepage_items/8
2019-06-24 12:27:29.671 [INFO|lookerapi] :: Request to https://ec2-18-220-218-81.us-east-2.compute.amazonaws.com:19999/api/3.1/ => PATCH /api/3.1/homepage_items/8
2019-06-24 12:27:29.766 [INFO|lookerapi] :: Request Complete: 200
2019-06-24 12:27:29.766 [INFO|lookerapi] :: Request Complete: 200
2019-06-24 12:40:41.750 [INFO|lookerapi] :: Authenticating
2019-06-24 12:40:41.750 [INFO|lookerapi] :: Authenticating
2019-06-24 12:40:41.751 [INFO|lookerapi] :: Request to https://ec2-18-220-218-81.us-east-2.compute.amazonaws.com:19999/api/3.1/ => POST /api/3.1/login, {'client_id': 'sSD3qrmsnzWK7HVBpGhZ', 'client_secret': '[FILTERED]'}
2019-06-24 12:40:41.751 [INFO|lookerapi] :: Request to https://ec2-18-220-218-81.us-east-2.compute.amazonaws.com:19999/api/3.1/ => POST /api/3.1/login, {'client_id': 'sSD3qrmsnzWK7HVBpGhZ', 'client_secret': '[FILTERED]'}
2019-06-24 12:40:42.052 [INFO|lookerapi] :: Request Complete: 200
2019-06-24 12:40:42.052 [INFO|lookerapi] :: Request Complete: 200
2019-06-24 12:40:42.053 [INFO|lookerapi] :: Request to https://ec2-18-220-218-81.us-east-2.compute.amazonaws.com:19999/api/3.1/ => GET /api/3.1/homepage_items/8
2019-06-24 12:40:42.053 [INFO|lookerapi] :: Request to https://ec2-18-220-218-81.us-east-2.compute.amazonaws.com:19999/api/3.1/ => GET /api/3.1/homepage_items/8
2019-06-24 12:40:42.132 [INFO|lookerapi] :: Request Complete: 200
2019-06-24 12:40:42.132 [INFO|lookerapi] :: Request Complete: 200
2019-06-24 12:40:42.133 [INFO|lookerapi] :: Request to https://ec2-18-220-218-81.us-east-2.compute.amazonaws.com:19999/api/3.1/ => PATCH /api/3.1/homepage_items/8
2019-06-24 12:40:42.133 [INFO|lookerapi] :: Request to https://ec2-18-220-218-81.us-east-2.compute.amazonaws.com:19999/api/3.1/ => PATCH /api/3.1/homepage_items/8
2019-06-24 12:40:42.240 [INFO|lookerapi] :: Request Complete: 200
2019-06-24 12:40:42.240 [INFO|lookerapi] :: Request Complete: 200
2019-06-24 14:24:41.940 [INFO|lookerapi] :: Authenticating
2019-06-24 14:24:41.940 [INFO|lookerapi] :: Authenticating
2019-06-24 14:24:41.941 [INFO|lookerapi] :: Request to https://ec2-18-220-218-81.us-east-2.compute.amazonaws.com:19999/api/3.1/ => POST /api/3.1/login, {'client_id': 'sSD3qrmsnzWK7HVBpGhZ', 'client_secret': '[FILTERED]'}
2019-06-24 14:24:41.941 [INFO|lookerapi] :: Request to https://ec2-18-220-218-81.us-east-2.compute.amazonaws.com:19999/api/3.1/ => POST /api/3.1/login, {'client_id': 'sSD3qrmsnzWK7HVBpGhZ', 'client_secret': '[FILTERED]'}
2019-06-24 14:24:42.433 [INFO|lookerapi] :: Request Complete: 200
2019-06-24 14:24:42.433 [INFO|lookerapi] :: Request Complete: 200
2019-06-24 14:24:42.433 [INFO|lookerapi] :: Request to https://ec2-18-220-218-81.us-east-2.compute.amazonaws.com:19999/api/3.1/ => GET /api/3.1/homepage_items/8
2019-06-24 14:24:42.433 [INFO|lookerapi] :: Request to https://ec2-18-220-218-81.us-east-2.compute.amazonaws.com:19999/api/3.1/ => GET /api/3.1/homepage_items/8
2019-06-24 14:24:42.529 [INFO|lookerapi] :: Request Complete: 200
2019-06-24 14:24:42.529 [INFO|lookerapi] :: Request Complete: 200
2019-06-24 14:24:42.529 [INFO|lookerapi] :: Request to https://ec2-18-220-218-81.us-east-2.compute.amazonaws.com:19999/api/3.1/ => PATCH /api/3.1/homepage_items/8
2019-06-24 14:24:42.529 [INFO|lookerapi] :: Request to https://ec2-18-220-218-81.us-east-2.compute.amazonaws.com:19999/api/3.1/ => PATCH /api/3.1/homepage_items/8
2019-06-24 14:24:42.703 [INFO|lookerapi] :: Request Complete: 200
2019-06-24 14:24:42.703 [INFO|lookerapi] :: Request Complete: 200
2019-06-24 14:25:16.663 [INFO|lookerapi] :: Authenticating
2019-06-24 14:25:16.663 [INFO|lookerapi] :: Authenticating
2019-06-24 14:25:16.663 [INFO|lookerapi] :: Request to https://ec2-18-220-218-81.us-east-2.compute.amazonaws.com:19999/api/3.1/ => POST /api/3.1/login, {'client_id': 'sSD3qrmsnzWK7HVBpGhZ', 'client_secret': '[FILTERED]'}
2019-06-24 14:25:16.663 [INFO|lookerapi] :: Request to https://ec2-18-220-218-81.us-east-2.compute.amazonaws.com:19999/api/3.1/ => POST /api/3.1/login, {'client_id': 'sSD3qrmsnzWK7HVBpGhZ', 'client_secret': '[FILTERED]'}
2019-06-24 14:25:17.485 [INFO|lookerapi] :: Request Complete: 200
2019-06-24 14:25:17.485 [INFO|lookerapi] :: Request Complete: 200
2019-06-24 14:25:17.486 [INFO|lookerapi] :: Request to https://ec2-18-220-218-81.us-east-2.compute.amazonaws.com:19999/api/3.1/ => GET /api/3.1/homepage_items/8
2019-06-24 14:25:17.486 [INFO|lookerapi] :: Request to https://ec2-18-220-218-81.us-east-2.compute.amazonaws.com:19999/api/3.1/ => GET /api/3.1/homepage_items/8
2019-06-24 14:25:17.617 [INFO|lookerapi] :: Request Complete: 200
2019-06-24 14:25:17.617 [INFO|lookerapi] :: Request Complete: 200
2019-06-24 14:25:17.617 [INFO|lookerapi] :: Request to https://ec2-18-220-218-81.us-east-2.compute.amazonaws.com:19999/api/3.1/ => PATCH /api/3.1/homepage_items/8
2019-06-24 14:25:17.617 [INFO|lookerapi] :: Request to https://ec2-18-220-218-81.us-east-2.compute.amazonaws.com:19999/api/3.1/ => PATCH /api/3.1/homepage_items/8
2019-06-24 14:25:18.101 [INFO|lookerapi] :: Request Complete: 200
2019-06-24 14:25:18.101 [INFO|lookerapi] :: Request Complete: 200
2019-06-24 14:31:53.089 [INFO|lookerapi] :: Authenticating
2019-06-24 14:31:53.089 [INFO|lookerapi] :: Authenticating
2019-06-24 14:31:53.090 [INFO|lookerapi] :: Request to https://ec2-18-220-218-81.us-east-2.compute.amazonaws.com:19999/api/3.1/ => POST /api/3.1/login, {'client_id': 'sSD3qrmsnzWK7HVBpGhZ', 'client_secret': '[FILTERED]'}
2019-06-24 14:31:53.090 [INFO|lookerapi] :: Request to https://ec2-18-220-218-81.us-east-2.compute.amazonaws.com:19999/api/3.1/ => POST /api/3.1/login, {'client_id': 'sSD3qrmsnzWK7HVBpGhZ', 'client_secret': '[FILTERED]'}
2019-06-24 14:31:53.331 [INFO|lookerapi] :: Request Complete: 200
2019-06-24 14:31:53.331 [INFO|lookerapi] :: Request Complete: 200
2019-06-24 14:31:53.332 [INFO|lookerapi] :: Request to https://ec2-18-220-218-81.us-east-2.compute.amazonaws.com:19999/api/3.1/ => GET /api/3.1/looks/14
2019-06-24 14:31:53.332 [INFO|lookerapi] :: Request to https://ec2-18-220-218-81.us-east-2.compute.amazonaws.com:19999/api/3.1/ => GET /api/3.1/looks/14
2019-06-24 14:31:53.433 [INFO|lookerapi] :: Request Complete: 200
2019-06-24 14:31:53.433 [INFO|lookerapi] :: Request Complete: 200
2019-06-24 14:32:02.147 [INFO|lookerapi] :: Authenticating
2019-06-24 14:32:02.147 [INFO|lookerapi] :: Authenticating
2019-06-24 14:32:02.147 [INFO|lookerapi] :: Request to https://ec2-18-220-218-81.us-east-2.compute.amazonaws.com:19999/api/3.1/ => POST /api/3.1/login, {'client_id': 'sSD3qrmsnzWK7HVBpGhZ', 'client_secret': '[FILTERED]'}
2019-06-24 14:32:02.147 [INFO|lookerapi] :: Request to https://ec2-18-220-218-81.us-east-2.compute.amazonaws.com:19999/api/3.1/ => POST /api/3.1/login, {'client_id': 'sSD3qrmsnzWK7HVBpGhZ', 'client_secret': '[FILTERED]'}
2019-06-24 14:32:02.574 [INFO|lookerapi] :: Request Complete: 200
2019-06-24 14:32:02.574 [INFO|lookerapi] :: Request Complete: 200
2019-06-24 14:32:02.575 [INFO|lookerapi] :: Request to https://ec2-18-220-218-81.us-east-2.compute.amazonaws.com:19999/api/3.1/ => GET /api/3.1/looks/14
2019-06-24 14:32:02.575 [INFO|lookerapi] :: Request to https://ec2-18-220-218-81.us-east-2.compute.amazonaws.com:19999/api/3.1/ => GET /api/3.1/looks/14
2019-06-24 14:32:02.702 [INFO|lookerapi] :: Request Complete: 200
2019-06-24 14:32:02.702 [INFO|lookerapi] :: Request Complete: 200
2019-06-24 14:33:06.195 [INFO|lookerapi] :: Authenticating
2019-06-24 14:33:06.195 [INFO|lookerapi] :: Authenticating
2019-06-24 14:33:06.195 [INFO|lookerapi] :: Request to https://ec2-18-220-218-81.us-east-2.compute.amazonaws.com:19999/api/3.1/ => POST /api/3.1/login, {'client_id': 'sSD3qrmsnzWK7HVBpGhZ', 'client_secret': '[FILTERED]'}
2019-06-24 14:33:06.195 [INFO|lookerapi] :: Request to https://ec2-18-220-218-81.us-east-2.compute.amazonaws.com:19999/api/3.1/ => POST /api/3.1/login, {'client_id': 'sSD3qrmsnzWK7HVBpGhZ', 'client_secret': '[FILTERED]'}
2019-06-24 14:33:06.789 [INFO|lookerapi] :: Request Complete: 200
2019-06-24 14:33:06.789 [INFO|lookerapi] :: Request Complete: 200
2019-06-24 14:33:06.789 [INFO|lookerapi] :: Request to https://ec2-18-220-218-81.us-east-2.compute.amazonaws.com:19999/api/3.1/ => GET /api/3.1/looks/14/run/json
2019-06-24 14:33:06.789 [INFO|lookerapi] :: Request to https://ec2-18-220-218-81.us-east-2.compute.amazonaws.com:19999/api/3.1/ => GET /api/3.1/looks/14/run/json
2019-06-24 14:33:07.099 [INFO|lookerapi] :: Request Complete: 200
2019-06-24 14:33:07.099 [INFO|lookerapi] :: Request Complete: 200
2019-06-24 14:34:14.241 [INFO|lookerapi] :: Authenticating
2019-06-24 14:34:14.241 [INFO|lookerapi] :: Authenticating
2019-06-24 14:34:14.242 [INFO|lookerapi] :: Request to https://ec2-18-220-218-81.us-east-2.compute.amazonaws.com:19999/api/3.1/ => POST /api/3.1/login, {'client_id': 'sSD3qrmsnzWK7HVBpGhZ', 'client_secret': '[FILTERED]'}
2019-06-24 14:34:14.242 [INFO|lookerapi] :: Request to https://ec2-18-220-218-81.us-east-2.compute.amazonaws.com:19999/api/3.1/ => POST /api/3.1/login, {'client_id': 'sSD3qrmsnzWK7HVBpGhZ', 'client_secret': '[FILTERED]'}
2019-06-24 14:34:16.617 [INFO|lookerapi] :: Request Complete: 200
2019-06-24 14:34:16.617 [INFO|lookerapi] :: Request Complete: 200
2019-06-24 14:34:16.617 [INFO|lookerapi] :: Request to https://ec2-18-220-218-81.us-east-2.compute.amazonaws.com:19999/api/3.1/ => GET /api/3.1/looks/14/run/json
2019-06-24 14:34:16.617 [INFO|lookerapi] :: Request to https://ec2-18-220-218-81.us-east-2.compute.amazonaws.com:19999/api/3.1/ => GET /api/3.1/looks/14/run/json
2019-06-24 14:34:16.874 [INFO|lookerapi] :: Request Complete: 200
2019-06-24 14:34:16.874 [INFO|lookerapi] :: Request Complete: 200
2019-06-24 14:34:31.072 [INFO|lookerapi] :: Authenticating
2019-06-24 14:34:31.072 [INFO|lookerapi] :: Authenticating
2019-06-24 14:34:31.073 [INFO|lookerapi] :: Request to https://ec2-18-220-218-81.us-east-2.compute.amazonaws.com:19999/api/3.1/ => POST /api/3.1/login, {'client_id': 'sSD3qrmsnzWK7HVBpGhZ', 'client_secret': '[FILTERED]'}
2019-06-24 14:34:31.073 [INFO|lookerapi] :: Request to https://ec2-18-220-218-81.us-east-2.compute.amazonaws.com:19999/api/3.1/ => POST /api/3.1/login, {'client_id': 'sSD3qrmsnzWK7HVBpGhZ', 'client_secret': '[FILTERED]'}
2019-06-24 14:34:32.300 [INFO|lookerapi] :: Request Complete: 200
2019-06-24 14:34:32.300 [INFO|lookerapi] :: Request Complete: 200
2019-06-24 14:34:32.301 [INFO|lookerapi] :: Request to https://ec2-18-220-218-81.us-east-2.compute.amazonaws.com:19999/api/3.1/ => GET /api/3.1/looks/14/run/json
2019-06-24 14:34:32.301 [INFO|lookerapi] :: Request to https://ec2-18-220-218-81.us-east-2.compute.amazonaws.com:19999/api/3.1/ => GET /api/3.1/looks/14/run/json
2019-06-24 14:34:32.831 [INFO|lookerapi] :: Request Complete: 200
2019-06-24 14:34:32.831 [INFO|lookerapi] :: Request Complete: 200
2019-06-24 14:35:02.338 [INFO|lookerapi] :: Authenticating
2019-06-24 14:35:02.338 [INFO|lookerapi] :: Authenticating
2019-06-24 14:35:02.338 [INFO|lookerapi] :: Request to https://ec2-18-220-218-81.us-east-2.compute.amazonaws.com:19999/api/3.1/ => POST /api/3.1/login, {'client_id': 'sSD3qrmsnzWK7HVBpGhZ', 'client_secret': '[FILTERED]'}
2019-06-24 14:35:02.338 [INFO|lookerapi] :: Request to https://ec2-18-220-218-81.us-east-2.compute.amazonaws.com:19999/api/3.1/ => POST /api/3.1/login, {'client_id': 'sSD3qrmsnzWK7HVBpGhZ', 'client_secret': '[FILTERED]'}
2019-06-24 14:35:02.702 [INFO|lookerapi] :: Request Complete: 200
2019-06-24 14:35:02.702 [INFO|lookerapi] :: Request Complete: 200
2019-06-24 14:35:02.703 [INFO|lookerapi] :: Request to https://ec2-18-220-218-81.us-east-2.compute.amazonaws.com:19999/api/3.1/ => GET /api/3.1/looks/14/run/json
2019-06-24 14:35:02.703 [INFO|lookerapi] :: Request to https://ec2-18-220-218-81.us-east-2.compute.amazonaws.com:19999/api/3.1/ => GET /api/3.1/looks/14/run/json
2019-06-24 14:35:03.151 [INFO|lookerapi] :: Request Complete: 200
2019-06-24 14:35:03.151 [INFO|lookerapi] :: Request Complete: 200
2019-06-24 14:36:18.864 [INFO|lookerapi] :: Authenticating
2019-06-24 14:36:18.864 [INFO|lookerapi] :: Authenticating
2019-06-24 14:36:18.865 [INFO|lookerapi] :: Request to https://ec2-18-220-218-81.us-east-2.compute.amazonaws.com:19999/api/3.1/ => POST /api/3.1/login, {'client_id': 'sSD3qrmsnzWK7HVBpGhZ', 'client_secret': '[FILTERED]'}
2019-06-24 14:36:18.865 [INFO|lookerapi] :: Request to https://ec2-18-220-218-81.us-east-2.compute.amazonaws.com:19999/api/3.1/ => POST /api/3.1/login, {'client_id': 'sSD3qrmsnzWK7HVBpGhZ', 'client_secret': '[FILTERED]'}
2019-06-24 14:36:19.089 [INFO|lookerapi] :: Request Complete: 200
2019-06-24 14:36:19.089 [INFO|lookerapi] :: Request Complete: 200
2019-06-24 14:36:19.089 [INFO|lookerapi] :: Request to https://ec2-18-220-218-81.us-east-2.compute.amazonaws.com:19999/api/3.1/ => GET /api/3.1/homepage_items/8
2019-06-24 14:36:19.089 [INFO|lookerapi] :: Request to https://ec2-18-220-218-81.us-east-2.compute.amazonaws.com:19999/api/3.1/ => GET /api/3.1/homepage_items/8
2019-06-24 14:36:19.177 [INFO|lookerapi] :: Request Complete: 200
2019-06-24 14:36:19.177 [INFO|lookerapi] :: Request Complete: 200
2019-06-24 14:38:56.562 [INFO|lookerapi] :: Authenticating
2019-06-24 14:38:56.562 [INFO|lookerapi] :: Authenticating
2019-06-24 14:38:56.562 [INFO|lookerapi] :: Request to https://ec2-18-220-218-81.us-east-2.compute.amazonaws.com:19999/api/3.1/ => POST /api/3.1/login, {'client_id': 'sSD3qrmsnzWK7HVBpGhZ', 'client_secret': '[FILTERED]'}
2019-06-24 14:38:56.562 [INFO|lookerapi] :: Request to https://ec2-18-220-218-81.us-east-2.compute.amazonaws.com:19999/api/3.1/ => POST /api/3.1/login, {'client_id': 'sSD3qrmsnzWK7HVBpGhZ', 'client_secret': '[FILTERED]'}
2019-06-24 14:38:56.883 [INFO|lookerapi] :: Request Complete: 200
2019-06-24 14:38:56.883 [INFO|lookerapi] :: Request Complete: 200
2019-06-24 14:38:56.884 [INFO|lookerapi] :: Request to https://ec2-18-220-218-81.us-east-2.compute.amazonaws.com:19999/api/3.1/ => GET /api/3.1/looks/14/run/json
2019-06-24 14:38:56.884 [INFO|lookerapi] :: Request to https://ec2-18-220-218-81.us-east-2.compute.amazonaws.com:19999/api/3.1/ => GET /api/3.1/looks/14/run/json
2019-06-24 14:38:57.482 [INFO|lookerapi] :: Request Complete: 200
2019-06-24 14:38:57.482 [INFO|lookerapi] :: Request Complete: 200
2019-06-24 14:38:57.482 [INFO|lookerapi] :: Request to https://ec2-18-220-218-81.us-east-2.compute.amazonaws.com:19999/api/3.1/ => GET /api/3.1/homepage_items/8
2019-06-24 14:38:57.482 [INFO|lookerapi] :: Request to https://ec2-18-220-218-81.us-east-2.compute.amazonaws.com:19999/api/3.1/ => GET /api/3.1/homepage_items/8
2019-06-24 14:38:57.996 [INFO|lookerapi] :: Request Complete: 200
2019-06-24 14:38:57.996 [INFO|lookerapi] :: Request Complete: 200
2019-06-24 14:38:57.997 [INFO|lookerapi] :: Request to https://ec2-18-220-218-81.us-east-2.compute.amazonaws.com:19999/api/3.1/ => PATCH /api/3.1/homepage_items/8
2019-06-24 14:38:57.997 [INFO|lookerapi] :: Request to https://ec2-18-220-218-81.us-east-2.compute.amazonaws.com:19999/api/3.1/ => PATCH /api/3.1/homepage_items/8
2019-06-24 14:38:58.989 [INFO|lookerapi] :: Request Complete: 200
2019-06-24 14:38:58.989 [INFO|lookerapi] :: Request Complete: 200
2019-06-24 14:39:37.742 [INFO|lookerapi] :: Authenticating
2019-06-24 14:39:37.742 [INFO|lookerapi] :: Authenticating
2019-06-24 14:39:37.742 [INFO|lookerapi] :: Request to https://ec2-18-220-218-81.us-east-2.compute.amazonaws.com:19999/api/3.1/ => POST /api/3.1/login, {'client_id': 'sSD3qrmsnzWK7HVBpGhZ', 'client_secret': '[FILTERED]'}
2019-06-24 14:39:37.742 [INFO|lookerapi] :: Request to https://ec2-18-220-218-81.us-east-2.compute.amazonaws.com:19999/api/3.1/ => POST /api/3.1/login, {'client_id': 'sSD3qrmsnzWK7HVBpGhZ', 'client_secret': '[FILTERED]'}
2019-06-24 14:39:38.761 [INFO|lookerapi] :: Request Complete: 200
2019-06-24 14:39:38.761 [INFO|lookerapi] :: Request Complete: 200
2019-06-24 14:39:38.762 [INFO|lookerapi] :: Request to https://ec2-18-220-218-81.us-east-2.compute.amazonaws.com:19999/api/3.1/ => GET /api/3.1/looks/14/run/json
2019-06-24 14:39:38.762 [INFO|lookerapi] :: Request to https://ec2-18-220-218-81.us-east-2.compute.amazonaws.com:19999/api/3.1/ => GET /api/3.1/looks/14/run/json
2019-06-24 14:39:39.113 [INFO|lookerapi] :: Request Complete: 200
2019-06-24 14:39:39.113 [INFO|lookerapi] :: Request Complete: 200
2019-06-24 14:39:39.114 [INFO|lookerapi] :: Request to https://ec2-18-220-218-81.us-east-2.compute.amazonaws.com:19999/api/3.1/ => GET /api/3.1/homepage_items/8
2019-06-24 14:39:39.114 [INFO|lookerapi] :: Request to https://ec2-18-220-218-81.us-east-2.compute.amazonaws.com:19999/api/3.1/ => GET /api/3.1/homepage_items/8
2019-06-24 14:39:40.049 [INFO|lookerapi] :: Request Complete: 200
2019-06-24 14:39:40.049 [INFO|lookerapi] :: Request Complete: 200
2019-06-24 14:39:40.050 [INFO|lookerapi] :: Request to https://ec2-18-220-218-81.us-east-2.compute.amazonaws.com:19999/api/3.1/ => PATCH /api/3.1/homepage_items/8
2019-06-24 14:39:40.050 [INFO|lookerapi] :: Request to https://ec2-18-220-218-81.us-east-2.compute.amazonaws.com:19999/api/3.1/ => PATCH /api/3.1/homepage_items/8
2019-06-24 14:39:40.248 [INFO|lookerapi] :: Request Complete: 200
2019-06-24 14:39:40.248 [INFO|lookerapi] :: Request Complete: 200
2019-06-24 14:41:11.653 [INFO|lookerapi] :: Authenticating
2019-06-24 14:41:11.653 [INFO|lookerapi] :: Authenticating
2019-06-24 14:41:11.654 [INFO|lookerapi] :: Request to https://ec2-18-220-218-81.us-east-2.compute.amazonaws.com:19999/api/3.1/ => POST /api/3.1/login, {'client_id': 'sSD3qrmsnzWK7HVBpGhZ', 'client_secret': '[FILTERED]'}
2019-06-24 14:41:11.654 [INFO|lookerapi] :: Request to https://ec2-18-220-218-81.us-east-2.compute.amazonaws.com:19999/api/3.1/ => POST /api/3.1/login, {'client_id': 'sSD3qrmsnzWK7HVBpGhZ', 'client_secret': '[FILTERED]'}
2019-06-24 14:41:11.980 [INFO|lookerapi] :: Request Complete: 200
2019-06-24 14:41:11.980 [INFO|lookerapi] :: Request Complete: 200
2019-06-24 14:41:11.981 [INFO|lookerapi] :: Request to https://ec2-18-220-218-81.us-east-2.compute.amazonaws.com:19999/api/3.1/ => GET /api/3.1/looks/14/run/json
2019-06-24 14:41:11.981 [INFO|lookerapi] :: Request to https://ec2-18-220-218-81.us-east-2.compute.amazonaws.com:19999/api/3.1/ => GET /api/3.1/looks/14/run/json
2019-06-24 14:41:12.493 [INFO|lookerapi] :: Request Complete: 200
2019-06-24 14:41:12.493 [INFO|lookerapi] :: Request Complete: 200
2019-06-24 14:41:12.493 [INFO|lookerapi] :: Request to https://ec2-18-220-218-81.us-east-2.compute.amazonaws.com:19999/api/3.1/ => GET /api/3.1/homepage_items/8
2019-06-24 14:41:12.493 [INFO|lookerapi] :: Request to https://ec2-18-220-218-81.us-east-2.compute.amazonaws.com:19999/api/3.1/ => GET /api/3.1/homepage_items/8
2019-06-24 14:41:13.015 [INFO|lookerapi] :: Request Complete: 200
2019-06-24 14:41:13.015 [INFO|lookerapi] :: Request Complete: 200
2019-06-24 14:41:13.016 [INFO|lookerapi] :: Request to https://ec2-18-220-218-81.us-east-2.compute.amazonaws.com:19999/api/3.1/ => PATCH /api/3.1/homepage_items/8
2019-06-24 14:41:13.016 [INFO|lookerapi] :: Request to https://ec2-18-220-218-81.us-east-2.compute.amazonaws.com:19999/api/3.1/ => PATCH /api/3.1/homepage_items/8
2019-06-24 14:41:13.182 [INFO|lookerapi] :: Request Complete: 200
2019-06-24 14:41:13.182 [INFO|lookerapi] :: Request Complete: 200
2019-06-24 14:41:28.347 [INFO|lookerapi] :: Authenticating
2019-06-24 14:41:28.347 [INFO|lookerapi] :: Authenticating
2019-06-24 14:41:28.347 [INFO|lookerapi] :: Request to https://ec2-18-220-218-81.us-east-2.compute.amazonaws.com:19999/api/3.1/ => POST /api/3.1/login, {'client_id': 'sSD3qrmsnzWK7HVBpGhZ', 'client_secret': '[FILTERED]'}
2019-06-24 14:41:28.347 [INFO|lookerapi] :: Request to https://ec2-18-220-218-81.us-east-2.compute.amazonaws.com:19999/api/3.1/ => POST /api/3.1/login, {'client_id': 'sSD3qrmsnzWK7HVBpGhZ', 'client_secret': '[FILTERED]'}
2019-06-24 14:41:28.954 [INFO|lookerapi] :: Request Complete: 200
2019-06-24 14:41:28.954 [INFO|lookerapi] :: Request Complete: 200
2019-06-24 14:41:28.954 [INFO|lookerapi] :: Request to https://ec2-18-220-218-81.us-east-2.compute.amazonaws.com:19999/api/3.1/ => GET /api/3.1/looks/14/run/json
2019-06-24 14:41:28.954 [INFO|lookerapi] :: Request to https://ec2-18-220-218-81.us-east-2.compute.amazonaws.com:19999/api/3.1/ => GET /api/3.1/looks/14/run/json
2019-06-24 14:41:29.224 [INFO|lookerapi] :: Request Complete: 200
2019-06-24 14:41:29.224 [INFO|lookerapi] :: Request Complete: 200
2019-06-24 14:41:29.225 [INFO|lookerapi] :: Request to https://ec2-18-220-218-81.us-east-2.compute.amazonaws.com:19999/api/3.1/ => GET /api/3.1/homepage_items/8
2019-06-24 14:41:29.225 [INFO|lookerapi] :: Request to https://ec2-18-220-218-81.us-east-2.compute.amazonaws.com:19999/api/3.1/ => GET /api/3.1/homepage_items/8
2019-06-24 14:41:29.336 [INFO|lookerapi] :: Request Complete: 200
2019-06-24 14:41:29.336 [INFO|lookerapi] :: Request Complete: 200
2019-06-24 14:41:29.337 [INFO|lookerapi] :: Request to https://ec2-18-220-218-81.us-east-2.compute.amazonaws.com:19999/api/3.1/ => PATCH /api/3.1/homepage_items/8
2019-06-24 14:41:29.337 [INFO|lookerapi] :: Request to https://ec2-18-220-218-81.us-east-2.compute.amazonaws.com:19999/api/3.1/ => PATCH /api/3.1/homepage_items/8
2019-06-24 14:41:29.514 [INFO|lookerapi] :: Request Complete: 200
2019-06-24 14:41:29.514 [INFO|lookerapi] :: Request Complete: 200
